TN:
SF:src\app\layout.tsx
FN:15,RootLayout
FNF:1
FNH:1
FNDA:1,RootLayout
DA:5,1
DA:10,1
DA:20,1
LF:3
LH:3
BRF:0
BRH:0
end_of_record
TN:
SF:src\app\page.tsx
FN:3,HomePage
FNF:1
FNH:1
FNDA:1,HomePage
DA:4,1
LF:1
LH:1
BRF:0
BRH:0
end_of_record
TN:
SF:src\app\task-manager-page.tsx
FN:38,getFetchImpl
FN:42,getConfirmImpl
FN:46,loadTasks
FN:73,saveTask
FN:119,deleteTask
FN:156,editTask
FN:166,resetTaskForm
FN:173,TaskManagerPage
FN:182,(anonymous_8)
FN:215,(anonymous_9)
FN:231,(anonymous_10)
FN:234,(anonymous_11)
FN:275,(anonymous_12)
FN:281,(anonymous_13)
FN:281,(anonymous_14)
FN:292,(anonymous_15)
FN:292,(anonymous_16)
FN:302,(anonymous_17)
FN:302,(anonymous_18)
FN:314,(anonymous_19)
FNF:20
FNH:8
FNDA:9,getFetchImpl
FNDA:2,getConfirmImpl
FNDA:5,loadTasks
FNDA:3,saveTask
FNDA:2,deleteTask
FNDA:1,editTask
FNDA:1,resetTaskForm
FNDA:2,TaskManagerPage
FNDA:0,(anonymous_8)
FNDA:0,(anonymous_9)
FNDA:0,(anonymous_10)
FNDA:0,(anonymous_11)
FNDA:0,(anonymous_12)
FNDA:0,(anonymous_13)
FNDA:0,(anonymous_14)
FNDA:0,(anonymous_15)
FNDA:0,(anonymous_16)
FNDA:0,(anonymous_17)
FNDA:0,(anonymous_18)
FNDA:0,(anonymous_19)
DA:5,2
DA:15,2
DA:39,9
DA:43,2
DA:50,5
DA:52,5
DA:53,5
DA:55,5
DA:56,5
DA:60,5
DA:61,1
DA:64,4
DA:65,4
DA:67,1
DA:69,5
DA:79,3
DA:80,3
DA:81,3
DA:82,3
DA:88,3
DA:89,3
DA:90,3
DA:92,3
DA:93,3
DA:104,3
DA:105,1
DA:108,2
DA:109,2
DA:110,2
DA:111,3
DA:113,1
DA:115,3
DA:125,2
DA:127,2
DA:128,1
DA:131,1
DA:132,1
DA:133,1
DA:135,1
DA:136,1
DA:140,1
DA:141,0
DA:144,1
DA:145,1
DA:146,1
DA:149,1
DA:150,1
DA:152,0
DA:157,1
DA:158,1
DA:163,1
DA:167,1
DA:168,1
DA:169,1
DA:170,1
DA:174,2
DA:175,2
DA:176,2
DA:177,2
DA:178,2
DA:179,2
DA:180,2
DA:182,2
DA:183,0
DA:193,2
DA:194,2
DA:206,2
DA:207,2
DA:208,0
DA:209,0
DA:213,0
DA:216,0
DA:231,0
DA:234,0
DA:244,2
DA:275,0
DA:281,0
DA:292,0
DA:302,0
DA:314,0
LF:80
LH:66
BRDA:15,0,0,2
BRDA:15,0,1,2
BRDA:39,1,0,9
BRDA:39,1,1,0
BRDA:43,2,0,2
BRDA:43,2,1,0
BRDA:60,3,0,1
BRDA:60,3,1,4
BRDA:67,4,0,1
BRDA:67,4,1,0
BRDA:94,5,0,1
BRDA:94,5,1,2
BRDA:96,6,0,1
BRDA:96,6,1,2
BRDA:104,7,0,1
BRDA:104,7,1,2
BRDA:110,8,0,1
BRDA:110,8,1,1
BRDA:113,9,0,1
BRDA:113,9,1,0
BRDA:127,10,0,1
BRDA:127,10,1,1
BRDA:140,11,0,0
BRDA:140,11,1,1
BRDA:140,12,0,1
BRDA:140,12,1,0
BRDA:144,13,0,1
BRDA:144,13,1,0
BRDA:152,14,0,0
BRDA:152,14,1,0
BRDA:160,15,0,1
BRDA:160,15,1,0
BRDA:206,16,0,2
BRDA:206,16,1,0
BRDA:208,17,0,0
BRDA:208,17,1,0
BRDA:220,18,0,0
BRDA:220,18,1,0
BRDA:226,19,0,0
BRDA:226,19,1,0
BRDA:227,20,0,0
BRDA:227,20,1,0
BRDA:272,21,0,2
BRDA:272,21,1,0
BRDA:312,22,0,0
BRDA:312,22,1,2
BRDA:319,23,0,0
BRDA:319,23,1,2
BRDA:320,24,0,0
BRDA:320,24,1,2
BRF:50
BRH:27
end_of_record
TN:
SF:src\app\task-ui.ts
FN:36,getSubmitLabel
FNF:1
FNH:1
FNDA:4,getSubmitLabel
DA:18,3
DA:24,3
DA:30,3
DA:37,4
LF:4
LH:4
BRDA:37,0,0,3
BRDA:37,0,1,1
BRF:2
BRH:2
end_of_record
